<?xml version="1.0" encoding="UTF-8" ?>
<testsuite tests="6" failures="0" name="com.itheima.service.UserServiceTest" time="0.464" errors="0" skipped="0">
  <properties>
[...]
</properties>
  <testcase classname="com.itheima.service.UserServiceTest" name="testGet" time="0.391"/>
  <testcase classname="com.itheima.service.UserServiceTest" name="testLogin" time="0.012"/>
  <testcase classname="com.itheima.service.UserServiceTest" name="testSave" time="0.023"/>
  <testcase classname="com.itheima.service.UserServiceTest" name="testDelete" time="0.002"/>
  <testcase classname="com.itheima.service.UserServiceTest" name="testGetAll" time="0.033"/>
  <testcase classname="com.itheima.service.UserServiceTest" name="testUpdate" time="0.003"/>
</testsuite>